
 *** Local logger file of MPI task 28 in communicator 0 ***
 *** PID      = 95650
 *** Hostname = n265                                                                                                                                                                                                                                                                                                                                                                                                                                                                                                                                                                                                                                                                                                                                                                                                                                                                                                                                                                                                                                                            

 ===== Routine Calling Stack ===== 

            5 section_vals_parse
            4 section_vals_parse
            3 section_vals_parse
            2 section_vals_parse
            1 read_input

 ************************************************************************
 *** 14:26:00 ERRORL2 in input_parsing:section_vals_parse :: found an ***
 *** unknown keyword MEMORY in section XC                             ***
 ************************************************************************


 ************************************************************************
 *** 14:26:00 ERRORL2 in input_parsing:section_vals_parse :: found an ***
 *** unknown keyword NUMBER_PROC in section XC                        ***
 ************************************************************************


 **************************************************************************
 *** 14:26:00 ERRORL2 in input_parsing:section_vals_parse ::            ***
 *** non-compatible end of section DFT , File: '', Line: 68, Column: 1, ***
 *** Chunk: <XC>                                                        ***
 **************************************************************************


 **********************************************************************
 *** 14:26:00 ERRORL2 in input_parsing:section_vals_parse ::        ***
 *** non-compatible end of section FORCE_EVAL , File: '', Line: 69, ***
 *** Column: 1, Chunk: <DFT>                                        ***
 **********************************************************************


 ***********************************************************************
 *** 14:26:00 ERRORL2 in input_parsing:section_vals_parse :: unknown ***
 *** subsection SUBSYS of section __ROOT__                           ***
 ***********************************************************************


 *****************************************************************************
 *** 14:26:00 ERRORL2 in input_parsing:section_vals_parse ::               ***
 *** non-compatible end of section __ROOT__ , File: '', Line: 116, Column: ***
 *** 1, Chunk: <FORCE_EVAL>                                                ***
 *****************************************************************************

