
 *** Local logger file of MPI task 5 in communicator 0 ***
 *** PID      = 32752
 *** Hostname = n263                                                                                                                                                                                                                                                                                                                                                                                                                                                                                                                                                                                                                                                                                                                                                                                                                                                                                                                                                                                                                                                            

 ===== Routine Calling Stack ===== 

            3 hfx_create
            2 quickstep_create_force_env
            1 CP2K

 *************************************************************************
 *** 11:22:09 ERRORL2 in hfx_types:hfx_create processor 5  :: err=-300 ***
 *** Truncated hfx calculation requested. The file containing the data ***
 *** could not be found at ./t_c_g.dat Please check T_C_G_DATA in the  ***
 *** INTERCATION_POTENTIAL section                                     ***
 *************************************************************************


 ===== Routine Calling Stack ===== 

            3 hfx_create
            2 quickstep_create_force_env
            1 CP2K

 *** Local logger file of MPI task 5 in communicator 0 ***
 *** PID      = 40277
 *** Hostname = n247                                                                                                                                                                                                                                                                                                                                                                                                                                                                                                                                                                                                                                                                                                                                                                                                                                                                                                                                                                                                                                                            

 ===== Routine Calling Stack ===== 

            3 hfx_create
            2 quickstep_create_force_env
            1 CP2K

 *************************************************************************
 *** 11:26:22 ERRORL2 in hfx_types:hfx_create processor 5  :: err=-300 ***
 *** Truncated hfx calculation requested. The file containing the data ***
 *** could not be found at t_c_g.dat Please check T_C_G_DATA in the    ***
 *** INTERCATION_POTENTIAL section                                     ***
 *************************************************************************


 ===== Routine Calling Stack ===== 

            3 hfx_create
            2 quickstep_create_force_env
            1 CP2K
