
 *** Local logger file of MPI task 55 in communicator 0 ***
 *** PID      = 33609
 *** Hostname = n266                                                                                                                                                                                                                                                                                                                                                                                                                                                                                                                                                                                                                                                                                                                                                                                                                                                                                                                                                                                                                                                            

 ===== Routine Calling Stack ===== 

            3 hfx_create
            2 quickstep_create_force_env
            1 CP2K

 **************************************************************************
 *** 11:22:10 ERRORL2 in hfx_types:hfx_create processor 55  :: err=-300 ***
 *** Truncated hfx calculation requested. The file containing the data  ***
 *** could not be found at ./t_c_g.dat Please check T_C_G_DATA in the   ***
 *** INTERCATION_POTENTIAL section                                      ***
 **************************************************************************


 ===== Routine Calling Stack ===== 

            3 hfx_create
            2 quickstep_create_force_env
            1 CP2K

 *** Local logger file of MPI task 55 in communicator 0 ***
 *** PID      = 40621
 *** Hostname = n250                                                                                                                                                                                                                                                                                                                                                                                                                                                                                                                                                                                                                                                                                                                                                                                                                                                                                                                                                                                                                                                            

 ===== Routine Calling Stack ===== 

            3 hfx_create
            2 quickstep_create_force_env
            1 CP2K

 **************************************************************************
 *** 11:26:22 ERRORL2 in hfx_types:hfx_create processor 55  :: err=-300 ***
 *** Truncated hfx calculation requested. The file containing the data  ***
 *** could not be found at t_c_g.dat Please check T_C_G_DATA in the     ***
 *** INTERCATION_POTENTIAL section                                      ***
 **************************************************************************


 ===== Routine Calling Stack ===== 

            3 hfx_create
            2 quickstep_create_force_env
            1 CP2K
